[    0.000000] Initializing cgroup subsys cpuset
[    0.000000] Initializing cgroup subsys cpu
[    0.000000] Initializing cgroup subsys cpuacct
[    0.000000] Linux version 4.4.0-210-generic (buildd@lgw01-amd64-009) (gcc version 5.4.0 20160609 (Ubuntu 5.4.0-6ubuntu1~16.04.12) ) #242-Ubuntu SMP Fri Apr 16 09:57:56 UTC 2021 (Ubuntu 4.4.0-210.242-generic 4.4.262)
[    0.000000] Command line: BOOT_IMAGE=/boot/vmlinuz-4.4.0-210-generic root=LABEL=cloudimg-rootfs ro console=tty1 console=ttyS0
[    0.000000] KERNEL supported cpus:
[    0.000000]   Intel GenuineIntel
[    0.000000]   AMD AuthenticAMD
[    0.000000]   Centaur CentaurHauls
[    0.000000] x86/fpu: xstate_offset[2]:  576, xstate_sizes[2]:  256
[    0.000000] x86/fpu: Supporting XSAVE feature 0x01: 'x87 floating point registers'
[    0.000000] x86/fpu: Supporting XSAVE feature 0x02: 'SSE registers'
[    0.000000] x86/fpu: Supporting XSAVE feature 0x04: 'AVX registers'
[    0.000000] x86/fpu: Enabled xstate features 0x7, context size is 832 bytes, using 'standard' format.
[    0.000000] e820: BIOS-provided physical RAM map:
[    0.000000] BIOS-e820: [mem 0x0000000000000000-0x000000000009fbff] usable
[    0.000000] BIOS-e820: [mem 0x000000000009fc00-0x000000000009ffff] reserved
[    0.000000] BIOS-e820: [mem 0x00000000000f0000-0x00000000000fffff] reserved
[    0.000000] BIOS-e820: [mem 0x0000000000100000-0x000000003ffeffff] usable
[    0.000000] BIOS-e820: [mem 0x000000003fff0000-0x000000003fffffff] ACPI data
[    0.000000] BIOS-e820: [mem 0x00000000fec00000-0x00000000fec00fff] reserved
[    0.000000] BIOS-e820: [mem 0x00000000fee00000-0x00000000fee00fff] reserved
[    0.000000] BIOS-e820: [mem 0x00000000fffc0000-0x00000000ffffffff] reserved
[    0.000000] NX (Execute Disable) protection: active
[    0.000000] SMBIOS 2.5 present.
[    0.000000] Hypervisor detected: KVM
[    0.000000] e820: last_pfn = 0x3fff0 max_arch_pfn = 0x400000000
[    0.000000] MTRR: Disabled
[    0.000000] x86/PAT: MTRRs disabled, skipping PAT initialization too.
[    0.000000] CPU MTRRs all blank - virtualized system.
[    0.000000] x86/PAT: Configuration [0-7]: WB  WT  UC- UC  WB  WT  UC- UC  
[    0.000000] found SMP MP-table at [mem 0x0009fff0-0x0009ffff] mapped at [ffff88000009fff0]
[    0.000000] Scanning 1 areas for low memory corruption
[    0.000000] RAMDISK: [mem 0x362dc000-0x37165fff]
[    0.000000] ACPI: Early table checksum verification disabled
[    0.000000] ACPI: RSDP 0x00000000000E0000 000024 (v02 VBOX  )
[    0.000000] ACPI: XSDT 0x000000003FFF0030 00003C (v01 VBOX   VBOXXSDT 00000001 ASL  00000061)
[    0.000000] ACPI: FACP 0x000000003FFF00F0 0000F4 (v04 VBOX   VBOXFACP 00000001 ASL  00000061)
[    0.000000] ACPI: DSDT 0x000000003FFF0470 002325 (v02 VBOX   VBOXBIOS 00000002 INTL 20120111)
[    0.000000] ACPI: FACS 0x000000003FFF0200 000040
[    0.000000] ACPI: FACS 0x000000003FFF0200 000040
[    0.000000] ACPI: APIC 0x000000003FFF0240 00005C (v02 VBOX   VBOXAPIC 00000001 ASL  00000061)
[    0.000000] ACPI: SSDT 0x000000003FFF02A0 0001CC (v01 VBOX   VBOXCPUT 00000002 INTL 20120111)
[    0.000000] No NUMA configuration found
[    0.000000] Faking a node at [mem 0x0000000000000000-0x000000003ffeffff]
[    0.000000] NODE_DATA(0) allocated [mem 0x3ffeb000-0x3ffeffff]
[    0.000000] kvm-clock: Using msrs 4b564d01 and 4b564d00
[    0.000000] kvm-clock: cpu 0, msr 0:3ffe3001, primary cpu clock
[    0.000000] kvm-clock: using sched offset of 3715281490 cycles
[    0.000000] clocksource: kvm-clock: mask: 0xffffffffffffffff max_cycles: 0x1cd42e4dffb, max_idle_ns: 881590591483 ns
[    0.000000] Zone ranges:
[    0.000000]   DMA      [mem 0x0000000000001000-0x0000000000ffffff]
[    0.000000]   DMA32    [mem 0x0000000001000000-0x000000003ffeffff]
[    0.000000]   Normal   empty
[    0.000000]   Device   empty
[    0.000000] Movable zone start for each node
[    0.000000] Early memory node ranges
[    0.000000]   node   0: [mem 0x0000000000001000-0x000000000009efff]
[    0.000000]   node   0: [mem 0x0000000000100000-0x000000003ffeffff]
[    0.000000] Initmem setup node 0 [mem 0x0000000000001000-0x000000003ffeffff]
[    0.000000] ACPI: PM-Timer IO Port: 0x4008
[    0.000000] IOAPIC[0]: apic_id 2, version 32, address 0xfec00000, GSI 0-23
[    0.000000] ACPI: INT_SRC_OVR (bus 0 bus_irq 0 global_irq 2 dfl dfl)
[    0.000000] ACPI: INT_SRC_OVR (bus 0 bus_irq 9 global_irq 9 low level)
[    0.000000] Using ACPI (MADT) for SMP configuration information
[    0.000000] smpboot: Allowing 2 CPUs, 0 hotplug CPUs
[    0.000000] PM: Registered nosave memory: [mem 0x00000000-0x00000fff]
[    0.000000] PM: Registered nosave memory: [mem 0x0009f000-0x0009ffff]
[    0.000000] PM: Registered nosave memory: [mem 0x000a0000-0x000effff]
[    0.000000] PM: Registered nosave memory: [mem 0x000f0000-0x000fffff]
[    0.000000] e820: [mem 0x40000000-0xfebfffff] available for PCI devices
[    0.000000] Booting paravirtualized kernel on KVM
[    0.000000] clocksource: refined-jiffies: mask: 0xffffffff max_cycles: 0xffffffff, max_idle_ns: 7645519600211568 ns
[    0.000000] setup_percpu: NR_CPUS:512 nr_cpumask_bits:512 nr_cpu_ids:2 nr_node_ids:1
[    0.000000] PERCPU: Embedded 33 pages/cpu @ffff88003fc00000 s95192 r8192 d31784 u1048576
[    0.000000] Built 1 zonelists in Node order, mobility grouping on.  Total pages: 257912
[    0.000000] Policy zone: DMA32
[    0.000000] Kernel command line: BOOT_IMAGE=/boot/vmlinuz-4.4.0-210-generic root=LABEL=cloudimg-rootfs ro console=tty1 console=ttyS0
[    0.000000] PID hash table entries: 4096 (order: 3, 32768 bytes)
[    0.000000] Memory: 997792K/1048120K available (8644K kernel code, 1332K rwdata, 4044K rodata, 1492K init, 1164K bss, 50328K reserved, 0K cma-reserved)
[    0.000000] SLUB: HWalign=64, Order=0-3, MinObjects=0, CPUs=2, Nodes=1
[    0.000000] Kernel/User page tables isolation: enabled
[    0.000000] Hierarchical RCU implementation.
[    0.000000] 	Build-time adjustment of leaf fanout to 64.
[    0.000000] 	RCU restricting CPUs from NR_CPUS=512 to nr_cpu_ids=2.
[    0.000000] RCU: Adjusting geometry for rcu_fanout_leaf=64, nr_cpu_ids=2
[    0.000000] NR_IRQS:33024 nr_irqs:440 16
[    0.000000] Console: colour VGA+ 80x25
[    0.000000] console [tty1] enabled
[    0.000000] console [ttyS0] enabled
[    0.000000] tsc: Detected 2207.998 MHz processor
[    0.150261] Calibrating delay loop (skipped) preset value.. 4415.99 BogoMIPS (lpj=8831992)
[    0.152369] pid_max: default: 32768 minimum: 301
[    0.153352] ACPI: Core revision 20150930
[    0.155267] ACPI: 2 ACPI AML tables successfully acquired and loaded
[    0.157064] Security Framework initialized
[    0.158096] Yama: becoming mindful.
[    0.158874] AppArmor: AppArmor initialized
[    0.159807] Dentry cache hash table entries: 131072 (order: 8, 1048576 bytes)
[    0.162529] Inode-cache hash table entries: 65536 (order: 7, 524288 bytes)
[    0.164366] Mount-cache hash table entries: 2048 (order: 2, 16384 bytes)
[    0.165697] Mountpoint-cache hash table entries: 2048 (order: 2, 16384 bytes)
[    0.167407] Initializing cgroup subsys io
[    0.168406] Initializing cgroup subsys memory
[    0.169342] Initializing cgroup subsys devices
[    0.170264] Initializing cgroup subsys freezer
[    0.171179] Initializing cgroup subsys net_cls
[    0.172114] Initializing cgroup subsys perf_event
[    0.173164] Initializing cgroup subsys net_prio
[    0.174118] Initializing cgroup subsys hugetlb
[    0.175043] Initializing cgroup subsys pids
[    0.188663] mce: CPU supports 0 MCE banks
[    0.190372] Last level iTLB entries: 4KB 64, 2MB 8, 4MB 8
[    0.191782] Last level dTLB entries: 4KB 64, 2MB 0, 4MB 0, 1GB 4
[    0.192972] Spectre V1 : Mitigation: usercopy/swapgs barriers and __user pointer sanitization
[    0.195576] Spectre V2 : Mitigation: Full generic retpoline
[    0.196993] Spectre V2 : Spectre v2 / SpectreRSB mitigation: Filling RSB on context switch
[    0.199680] Speculative Store Bypass: Vulnerable
[    0.201013] SRBDS: Unknown: Dependent on hypervisor status
[    0.203061] MDS: Mitigation: Clear CPU buffers
[    0.206445] Freeing SMP alternatives memory: 36K
[    0.212834] ftrace: allocating 32380 entries in 127 pages
[    0.264011] smpboot: APIC(0) Converting physical 0 to logical package 0
[    0.266798] smpboot: Max logical packages: 1
[    0.268180] x2apic enabled
[    0.268998] Switched APIC routing to physical x2apic.
[    0.270988] ..TIMER: vector=0x30 apic1=0 pin1=2 apic2=-1 pin2=-1
[    0.380491] smpboot: CPU0: Intel(R) Core(TM) i7-8750H CPU @ 2.20GHz (family: 0x6, model: 0x9e, stepping: 0xa)
[    0.385163] Performance Events: unsupported p6 CPU model 158 no PMU driver, software events only.
[    0.396647] KVM setup paravirtual spinlock
[    0.398438] x86: Booting SMP configuration:
[    0.399800] .... node  #0, CPUs:      #1
[    0.401235] kvm-clock: cpu 1, msr 0:3ffe3041, secondary cpu clock
[    0.415373] mce: CPU supports 0 MCE banks
[    0.418561] x86: Booted up 1 node, 2 CPUs
[    0.419862] smpboot: Total of 2 processors activated (8831.99 BogoMIPS)
[    0.421968] devtmpfs: initialized
[    0.424641] evm: security.selinux
[    0.425544] evm: security.SMACK64
[    0.426403] evm: security.SMACK64EXEC
[    0.427246] evm: security.SMACK64TRANSMUTE
[    0.428189] evm: security.SMACK64MMAP
[    0.429052] evm: security.ima
[    0.429739] evm: security.capability
[    0.430665] clocksource: jiffies: mask: 0xffffffff max_cycles: 0xffffffff, max_idle_ns: 7645041785100000 ns
[    0.432663] futex hash table entries: 512 (order: 3, 32768 bytes)
[    0.434355] pinctrl core: initialized pinctrl subsystem
[    0.435637] RTC time: 20:52:51, date: 06/22/22
[    0.436859] NET: Registered protocol family 16
[    0.448929] cpuidle: using governor ladder
[    0.460773] cpuidle: using governor menu
[    0.462689] PCCT header not found.
[    0.463940] ACPI: bus type PCI registered
[    0.465195] acpiphp: ACPI Hot Plug PCI Controller Driver version: 0.5
[    0.467221] PCI: Using configuration type 1 for base access
[    0.481947] ACPI: Added _OSI(Module Device)
[    0.483832] ACPI: Added _OSI(Processor Device)
[    0.485118] ACPI: Added _OSI(3.0 _SCP Extensions)
[    0.486438] ACPI: Added _OSI(Processor Aggregator Device)
[    0.488763] ACPI: Executed 1 blocks of module-level executable AML code
[    0.492778] ACPI: Interpreter enabled
[    0.493936] ACPI: (supports S0 S5)
[    0.494917] ACPI: Using IOAPIC for interrupt routing
[    0.496443] PCI: Using host bridge windows from ACPI; if necessary, use "pci=nocrs" and report a bug
[    0.504638] ACPI: PCI Root Bridge [PCI0] (domain 0000 [bus 00-ff])
[    0.506688] acpi PNP0A03:00: _OSC: OS supports [ASPM ClockPM Segments MSI]
[    0.508954] acpi PNP0A03:00: _OSC: not requesting OS control; OS requires [ExtendedConfig ASPM ClockPM MSI]
[    0.511816] acpi PNP0A03:00: fail to add MMCONFIG information, can't access extended PCI configuration space under this bridge.
[    0.515671] PCI host bridge to bus 0000:00
[    0.517026] pci_bus 0000:00: root bus resource [io  0x0000-0x0cf7 window]
[    0.518702] pci_bus 0000:00: root bus resource [io  0x0d00-0xffff window]
[    0.520902] pci_bus 0000:00: root bus resource [mem 0x000a0000-0x000bffff window]
[    0.523042] pci_bus 0000:00: root bus resource [mem 0x40000000-0xfdffffff window]
[    0.525180] pci_bus 0000:00: root bus resource [bus 00-ff]
[    0.529818] pci 0000:00:01.1: legacy IDE quirk: reg 0x10: [io  0x01f0-0x01f7]
[    0.532064] pci 0000:00:01.1: legacy IDE quirk: reg 0x14: [io  0x03f6]
[    0.533657] pci 0000:00:01.1: legacy IDE quirk: reg 0x18: [io  0x0170-0x0177]
[    0.542655] pci 0000:00:01.1: legacy IDE quirk: reg 0x1c: [io  0x0376]
[    0.555643] pci 0000:00:07.0: quirk: [io  0x4000-0x403f] claimed by PIIX4 ACPI
[    0.557868] pci 0000:00:07.0: quirk: [io  0x4100-0x410f] claimed by PIIX4 SMB
[    0.566507] ACPI: PCI Interrupt Link [LNKA] (IRQs 5 9 10 *11)
[    0.568748] ACPI: PCI Interrupt Link [LNKB] (IRQs 5 9 *10 11)
[    0.570264] ACPI: PCI Interrupt Link [LNKC] (IRQs 5 *9 10 11)
[    0.572025] ACPI: PCI Interrupt Link [LNKD] (IRQs 5 9 10 *11)
[    0.574009] ACPI: Enabled 2 GPEs in block 00 to 07
[    0.575323] vgaarb: setting as boot device: PCI:0000:00:02.0
[    0.576749] vgaarb: device added: PCI:0000:00:02.0,decodes=io+mem,owns=io+mem,locks=none
[    0.578522] vgaarb: loaded
[    0.579521] vgaarb: bridge control possible 0000:00:02.0
[    0.580963] SCSI subsystem initialized
[    0.582115] ACPI: bus type USB registered
[    0.583154] usbcore: registered new interface driver usbfs
[    0.584676] usbcore: registered new interface driver hub
[    0.585760] usbcore: registered new device driver usb
[    0.587921] PCI: Using ACPI for IRQ routing
[    0.589207] NetLabel: Initializing
[    0.589979] NetLabel:  domain hash size = 128
[    0.591368] NetLabel:  protocols = UNLABELED CIPSOv4
[    0.592694] NetLabel:  unlabeled traffic allowed by default
[    0.594017] amd_nb: Cannot enumerate AMD northbridges
[    0.595111] clocksource: Switched to clocksource kvm-clock
[    0.601892] AppArmor: AppArmor Filesystem Enabled
[    0.603667] pnp: PnP ACPI init
[    0.605581] pnp: PnP ACPI: found 3 devices
[    0.614573] clocksource: acpi_pm: mask: 0xffffff max_cycles: 0xffffff, max_idle_ns: 2085701024 ns
[    0.616718] NET: Registered protocol family 2
[    0.617798] TCP established hash table entries: 8192 (order: 4, 65536 bytes)
[    0.619255] TCP bind hash table entries: 8192 (order: 5, 131072 bytes)
[    0.621126] TCP: Hash tables configured (established 8192 bind 8192)
[    0.622400] UDP hash table entries: 512 (order: 2, 16384 bytes)
[    0.623598] UDP-Lite hash table entries: 512 (order: 2, 16384 bytes)
[    0.625008] NET: Registered protocol family 1
[    0.626442] pci 0000:00:00.0: Limiting direct PCI/PCI transfers
[    0.628108] pci 0000:00:01.0: Activating ISA DMA hang workarounds
[    0.629624] Unpacking initramfs...
[    0.848477] Freeing initrd memory: 14888K
[    0.850149] clocksource: tsc: mask: 0xffffffffffffffff max_cycles: 0x1fd3b6211b4, max_idle_ns: 440795230313 ns
[    0.853499] platform rtc_cmos: registered platform RTC device (no PNP device found)
[    0.856077] Scanning for low memory corruption every 60 seconds
[    0.858271] audit: initializing netlink subsys (disabled)
[    0.860146] audit: type=2000 audit(1655931176.917:1): initialized
[    0.862518] Initialise system trusted keyring
[    0.864079] HugeTLB registered 2 MB page size, pre-allocated 0 pages
[    0.867024] zbud: loaded
[    0.868309] VFS: Disk quotas dquot_6.6.0
[    0.869654] VFS: Dquot-cache hash table entries: 512 (order 0, 4096 bytes)
[    0.871710] squashfs: version 4.0 (2009/01/31) Phillip Lougher
[    0.874286] fuse init (API version 7.23)
[    0.876692] Key type big_key registered
[    0.878420] Allocating IMA MOK and blacklist keyrings.
[    0.882167] Key type asymmetric registered
[    0.883403] Asymmetric key parser 'x509' registered
[    0.884931] Block layer SCSI generic (bsg) driver version 0.4 loaded (major 249)
[    0.887389] io scheduler noop registered
[    0.888523] io scheduler deadline registered (default)
[    0.890357] io scheduler cfq registered
[    0.892157] pci_hotplug: PCI Hot Plug PCI Core version: 0.5
[    0.894159] pciehp: PCI Express Hot Plug Controller Driver version: 0.4
[    0.896849] ACPI: AC Adapter [AC] (on-line)
[    0.898115] input: Power Button as /devices/LNXSYSTM:00/LNXPWRBN:00/input/input0
[    0.900255] ACPI: Power Button [PWRF]
[    0.901385] input: Sleep Button as /devices/LNXSYSTM:00/LNXSLPBN:00/input/input1
[    0.903451] ACPI: Sleep Button [SLPF]
[    0.905115] GHES: HEST is not enabled!
[    0.906362] ACPI: Battery Slot [BAT0] (battery present)
[    0.907205] Serial: 8250/16550 driver, 32 ports, IRQ sharing enabled
[    0.928315] 00:02: ttyS0 at I/O 0x3f8 (irq = 4, base_baud = 115200) is a 16550A
[    0.931243] Linux agpgart interface v0.103
[    0.936253] loop: module loaded
[    0.937759] scsi host0: ata_piix
[    0.939118] scsi host1: ata_piix
[    0.940402] ata1: PATA max UDMA/33 cmd 0x1f0 ctl 0x3f6 bmdma 0xd000 irq 14
[    0.942603] ata2: PATA max UDMA/33 cmd 0x170 ctl 0x376 bmdma 0xd008 irq 15
[    0.944626] libphy: Fixed MDIO Bus: probed
[    0.945808] tun: Universal TUN/TAP device driver, 1.6
[    0.947131] tun: (C) 1999-2004 Max Krasnyansky <maxk@qualcomm.com>
[    0.948792] PPP generic driver version 2.4.2
[    0.950279] ehci_hcd: USB 2.0 'Enhanced' Host Controller (EHCI) Driver
[    0.952577] ehci-pci: EHCI PCI platform driver
[    0.953924] ehci-platform: EHCI generic platform driver
[    0.955468] ohci_hcd: USB 1.1 'Open' Host Controller (OHCI) Driver
[    0.957079] ohci-pci: OHCI PCI platform driver
[    0.958136] ohci-platform: OHCI generic platform driver
[    0.959243] uhci_hcd: USB Universal Host Controller Interface driver
[    0.960661] i8042: PNP: PS/2 Controller [PNP0303:PS2K,PNP0f03:PS2M] at 0x60,0x64 irq 1,12
[    0.962957] serio: i8042 KBD port at 0x60,0x64 irq 1
[    0.964116] serio: i8042 AUX port at 0x60,0x64 irq 12
[    0.965239] mousedev: PS/2 mouse device common for all mice
[    0.966543] input: AT Translated Set 2 keyboard as /devices/platform/i8042/serio0/input/input2
[    0.969256] rtc_cmos rtc_cmos: rtc core: registered rtc_cmos as rtc0
[    0.970737] rtc_cmos rtc_cmos: alarms up to one day, 114 bytes nvram
[    0.972639] i2c /dev entries driver
[    0.973513] device-mapper: uevent: version 1.0.3
[    0.974651] device-mapper: ioctl: 4.34.0-ioctl (2015-10-28) initialised: dm-devel@redhat.com
[    0.976508] ledtrig-cpu: registered to indicate activity on CPUs
[    0.978329] NET: Registered protocol family 10
[    0.979732] NET: Registered protocol family 17
[    0.980815] Key type dns_resolver registered
[    0.982156] registered taskstats version 1
[    0.983344] Loading compiled-in X.509 certificates
[    0.984964] Loaded X.509 cert 'Build time autogenerated kernel key: cf00e047681d67edb2720680708b7d9498083038'
[    0.987474] zswap: loaded using pool lzo/zbud
[    0.989741] Key type trusted registered
[    0.993200] Key type encrypted registered
[    0.994158] AppArmor: AppArmor sha1 policy hashing enabled
[    0.995273] ima: No TPM chip found, activating TPM-bypass!
[    0.996474] ima: Allocated hash algorithm: sha1
[    0.997438] evm: HMAC attrs: 0x1
[    0.998709]   Magic number: 10:116:903
[    0.999607] acpi PNP0501:03: hash matches
[    1.000953] rtc_cmos rtc_cmos: setting system clock to 2022-06-22 20:52:51 UTC (1655931171)
[    1.002996] BIOS EDD facility v0.16 2004-Jun-25, 0 devices found
[    1.004423] EDD information not available.
[    1.124927] Freeing unused kernel memory: 1492K
[    1.126592] Write protecting the kernel read-only data: 14336k
[    1.129037] Freeing unused kernel memory: 1584K
[    1.130429] Freeing unused kernel memory: 52K
Loading, please wait...
starting version 229
[    1.146757] random: systemd-udevd: uninitialized urandom read (16 bytes read, 3 bits of entropy available)
[    1.147449] random: udevadm: uninitialized urandom read (16 bytes read, 3 bits of entropy available)
[    1.147482] random: udevadm: uninitialized urandom read (16 bytes read, 3 bits of entropy available)
[    1.155489] random: systemd-udevd: uninitialized urandom read (16 bytes read, 3 bits of entropy available)
[    1.155812] random: udevadm: uninitialized urandom read (16 bytes read, 3 bits of entropy available)
[    1.155865] random: udevadm: uninitialized urandom read (16 bytes read, 3 bits of entropy available)
[    1.156018] random: udevadm: uninitialized urandom read (16 bytes read, 3 bits of entropy available)
[    1.156077] random: udevadm: uninitialized urandom read (16 bytes read, 3 bits of entropy available)
[    1.156146] random: udevadm: uninitialized urandom read (16 bytes read, 3 bits of entropy available)
[    1.156206] random: udevadm: uninitialized urandom read (16 bytes read, 3 bits of entropy available)
[    1.218634] e1000: Intel(R) PRO/1000 Network Driver - version 7.3.21-k8-NAPI
[    1.220487] e1000: Copyright (c) 1999-2006 Intel Corporation.
[    1.226464] Fusion MPT base driver 3.04.20
[    1.227828] Copyright (c) 1999-2008 LSI Corporation
[    1.232150] Fusion MPT SPI Host driver 3.04.20
[    1.243836] AVX2 version of gcm_enc/dec engaged.
[    1.245317] AES CTR mode by8 optimization enabled
[    1.432729] input: ImExPS/2 Generic Explorer Mouse as /devices/platform/i8042/serio1/input/input4
[    1.622467] e1000 0000:00:03.0 eth0: (PCI:33MHz:32-bit) 02:be:82:6b:cc:1d
[    1.624685] e1000 0000:00:03.0 eth0: Intel(R) PRO/1000 Network Connection
[    1.627771] mptbase: ioc0: Initiating bringup
[    1.692080] ioc0: LSI53C1030 A0: Capabilities={Initiator}
[    1.852228] scsi host2: ioc0: LSI53C1030 A0, FwRev=00000000h, Ports=1, MaxQ=256, IRQ=20
[    2.996116] scsi 2:0:0:0: Direct-Access     VBOX     HARDDISK         1.0  PQ: 0 ANSI: 5
[    2.999079] scsi target2:0:0: Beginning Domain Validation
[    3.002930] scsi target2:0:0: Domain Validation skipping write tests
[    3.004709] scsi target2:0:0: Ending Domain Validation
[    3.006423] scsi target2:0:0: asynchronous
[    3.008476] scsi 2:0:1:0: Direct-Access     VBOX     HARDDISK         1.0  PQ: 0 ANSI: 5
[    3.011328] scsi target2:0:1: Beginning Domain Validation
[    3.013651] scsi target2:0:1: Domain Validation skipping write tests
[    3.015329] scsi target2:0:1: Ending Domain Validation
[    3.027815] scsi target2:0:1: asynchronous
[    3.052376] sd 2:0:0:0: Attached scsi generic sg0 type 0
[    3.054703] sd 2:0:0:0: [sda] 83886080 512-byte logical blocks: (42.9 GB/40.0 GiB)
[    3.058653] sd 2:0:1:0: [sdb] 20480 512-byte logical blocks: (10.5 MB/10.0 MiB)
[    3.061655] sd 2:0:1:0: Attached scsi generic sg1 type 0
[    3.063839] sd 2:0:0:0: [sda] Write Protect is off
[    3.065264] sd 2:0:1:0: [sdb] Write Protect is off
[    3.066787] sd 2:0:0:0: [sda] Incomplete mode parameter data
[    3.068473] sd 2:0:0:0: [sda] Assuming drive cache: write through
[    3.070547] sd 2:0:1:0: [sdb] Incomplete mode parameter data
[    3.071951] sd 2:0:1:0: [sdb] Assuming drive cache: write through
[    3.075634]  sda: sda1
[    3.077326] sd 2:0:1:0: [sdb] Attached SCSI disk
[    3.078440] sd 2:0:0:0: [sda] Attached SCSI disk
[    3.382076] e1000 0000:00:08.0 eth1: (PCI:33MHz:32-bit) 08:00:27:8f:fb:53
[    3.384744] e1000 0000:00:08.0 eth1: Intel(R) PRO/1000 Network Connection
[    3.387904] e1000 0000:00:08.0 enp0s8: renamed from eth1
[    3.400185] e1000 0000:00:03.0 enp0s3: renamed from eth0
Begin: Loading essential drivers ... [    4.685039] md: linear personality registered for level -1
[    4.688144] md: multipath personality registered for level -4
[    4.691864] md: raid0 personality registered for level 0
[    4.698133] md: raid1 personality registered for level 1
[    4.767210] raid6: sse2x1   gen() 12572 MB/s
[    4.835184] raid6: sse2x1   xor()  9487 MB/s
[    4.903224] raid6: sse2x2   gen() 16004 MB/s
[    4.971206] raid6: sse2x2   xor() 10716 MB/s
[    5.039210] raid6: sse2x4   gen() 18127 MB/s
[    5.107214] raid6: sse2x4   xor() 11611 MB/s
[    5.175276] raid6: avx2x1   gen() 22110 MB/s
[    5.243202] raid6: avx2x2   gen() 29565 MB/s
[    5.311196] raid6: avx2x4   gen() 32576 MB/s
[    5.312421] raid6: using algorithm avx2x4 gen() 32576 MB/s
[    5.313981] raid6: using avx2x2 recovery algorithm
[    5.316427] xor: automatically using best checksumming function:
[    5.355204]    avx       : 24618.000 MB/sec
[    5.358097] async_tx: api initialized (async)
[    5.367046] md: raid6 personality registered for level 6
[    5.368557] md: raid5 personality registered for level 5
[    5.369977] md: raid4 personality registered for level 4
[    5.376078] md: raid10 personality registered for level 10
done.
Begin: Running /scripts/init-premount ... done.
Begin: Mounting root file system ... Begin: Running /scripts/local-top ... done.
Begin: Running /scripts/local-premount ... [    5.402969] Btrfs loaded
Scanning for Btrfs filesystems
done.
Warning: fsck not present, so skipping root file system
[    5.422605] EXT4-fs (sda1): mounted filesystem with ordered data mode. Opts: (null)
done.
Begin: Running /scripts/local-bottom ... done.
Begin: Running /scripts/init-bottom ... done.
[    5.497050] systemd[1]: systemd 229 running in system mode. (+PAM +AUDIT +SELINUX +IMA +APPARMOR +SMACK +SYSVINIT +UTMP +LIBCRYPTSETUP +GCRYPT +GNUTLS +ACL +XZ -LZ4 +SECCOMP +BLKID +ELFUTILS +KMOD -IDN)
[    5.500651] systemd[1]: Detected virtualization oracle.
[    5.502153] systemd[1]: Detected architecture x86-64.

Welcome to [1mUbuntu 16.04.7 LTS[0m!

[    5.505842] systemd[1]: Set hostname to <ubuntu>.
[    5.508269] systemd[1]: Initializing machine ID from random generator.
[    5.509584] systemd[1]: Installed transient /etc/machine-id file.
[    6.083876] systemd[1]: Reached target User and Group Name Lookups.
[[0;32m  OK  [0m] Reached target User and Group Name Lookups.
[    6.086347] systemd[1]: Started Forward Password Requests to Wall Directory Watch.
[[0;32m  OK  [0m] Started Forward Password Requests to Wall Directory Watch.
[    6.089645] systemd[1]: Created slice User and Session Slice.
[[0;32m  OK  [0m] Created slice User and Session Slice.
[    6.275067] systemd[1]: Listening on Syslog Socket.
[[0;32m  OK  [0m] Listening on Syslog Socket.
[    6.857225] systemd[1]: Listening on Device-mapper event daemon FIFOs.
[[0;32m  OK  [0m] Listening on Device-mapper event daemon FIFOs.
[    6.867941] systemd[1]: Listening on fsck to fsckd communication Socket.
[[0;32m  OK  [0m] Listening on fsck to fsckd communication Socket.
[    6.871757] systemd[1]: Listening on LVM2 metadata daemon socket.
[[0;32m  OK  [0m] Listening on LVM2 metadata daemon socket.
[    6.982872] systemd[1]: Reached target Encrypted Volumes.
[[0;32m  OK  [0m] Reached target Encrypted Volumes.
[    6.986495] systemd[1]: Reached target Swap.
[[0;32m  OK  [0m] Reached target Swap.
[    7.190338] systemd[1]: Listening on udev Kernel Socket.
[[0;32m  OK  [0m] Listening on udev Kernel Socket.
[    7.275005] systemd[1]: Started Trigger resolvconf update for networkd DNS.
[[0;32m  OK  [0m] Started Trigger resolvconf update for networkd DNS.
[    7.285393] systemd[1]: Created slice System Slice.
[[0;32m  OK  [0m] Created slice System Slice.
[    7.291425] systemd[1]: Created slice system-serial\x2dgetty.slice.
[[0;32m  OK  [0m] Created slice system-serial\x2dgetty.slice.
[    7.295219] systemd[1]: Set up automount Arbitrary Executable File Formats File System Automount Point.
[[0;32m  OK  [0m] Set up automount Arbitrary Executab...ats File System Automount Point.
[    7.300624] systemd[1]: Listening on udev Control Socket.
[[0;32m  OK  [0m] Listening on udev Control Socket.
[    7.303609] systemd[1]: Reached target Slices.
[[0;32m  OK  [0m] Reached target Slices.
[    7.306083] systemd[1]: Listening on /dev/initctl Compatibility Named Pipe.
[[0;32m  OK  [0m] Listening on /dev/initctl Compatibility Named Pipe.
[    7.310104] systemd[1]: Reached target System Time Synchronized.
[[0;32m  OK  [0m] Reached target System Time Synchronized.
[    7.810112] systemd[1]: Listening on LVM2 poll daemon socket.
[[0;32m  OK  [0m] Listening on LVM2 poll daemon socket.
[    7.852494] systemd[1]: Listening on Journal Audit Socket.
[[0;32m  OK  [0m] Listening on Journal Audit Socket.
[    7.864041] systemd[1]: Listening on Journal Socket (/dev/log).
[[0;32m  OK  [0m] Listening on Journal Socket (/dev/log).
[    7.867933] systemd[1]: Listening on Journal Socket.
[[0;32m  OK  [0m] Listening on Journal Socket.
[    7.887340] systemd[1]: Starting Set console keymap...
         Starting Set console keymap...
[    7.892011] systemd[1]: Starting Monitoring of LVM2 mirrors, snapshots etc. using dmeventd or progress polling...
         Starting Monitoring of LVM2 mirrors... dmeventd or progress polling...
[    7.906551] systemd[1]: Starting File System Check on Root Device...
         Starting File System Check on Root Device...
[    7.910489] systemd[1]: Starting Uncomplicated firewall...
         Starting Uncomplicated firewall...
[    7.915029] systemd[1]: Mounting Debug File System...
         Mounting Debug File System...
[    7.919363] systemd[1]: Mounting POSIX Message Queue File System...
         Mounting POSIX Message Queue File System...
[    7.925396] systemd[1]: Starting Journal Service...
         Starting Journal Service...
[    7.930869] systemd[1]: Starting Load Kernel Modules...
         Starting Load Kernel Modules...
[    7.935863] systemd[1]: Starting Nameserver information manager...
         Starting Nameserver information manager...
[    7.939950] systemd[1]: Mounting Huge Pages File System...
[    7.941669] Loading iSCSI transport class v2.0-870.
         Mounting Huge Pages File System...
[    7.947690] systemd[1]: Starting Create list of required static device nodes for the current kernel...
         Starting Create list of required st... nodes for the current kernel...
[    7.955380] systemd[1]: Mounted Huge Pages File System.
[[0;32m  OK  [0m] Mounted Huge Pages File System.
[    7.963389] systemd[1]: Mounted POSIX Message Queue File System.
[[0;32m  OK  [0m] Mounted POSIX Message Queue File System.
[    7.966722] systemd[1]: Mounted Debug File System.
[[0;32m  OK  [0m] Mounted Debug File System.
[    7.969662] systemd[1]: Started Journal Service.
[[0;32m  OK  [0m] Started Journal Service.
[    7.973330] iscsi: registered transport (tcp)
[[0;32m  OK  [0m] Started File System Check on Root Device.
[[0;32m  OK  [0m] Started Uncomplicated firewall.
[[0;32m  OK  [0m] Started Set console keymap.
[[0;32m  OK  [0m] Started Create list of required sta...ce nodes for the current kernel.
[[0;32m  OK  [0m] Started Nameserver information manager.
[[0;32m  OK  [0m] Started File System Check Daemon to report status.
[[0;32m  OK  [0m] Started LVM2 metadata daemon.
         Starting Create Static Device Nodes in /dev...
         Starting Remount Root and Kernel File Systems...
[    8.017958] EXT4-fs (sda1): re-mounted. Opts: (null)
[    8.019829] iscsi: registered transport (iser)
[[0;32m  OK  [0m] Started Remount Root and Kernel File Systems.
[[0;32m  OK  [0m] Started Load Kernel Modules.
[[0;32m  OK  [0m] Started Create Static Device Nodes in /dev.
         Starting udev Kernel Device Manager...
         Mounting FUSE Control File System...
         Starting Apply Kernel Variables...
         Starting udev Coldplug all Devices...
         Starting Flush Journal to Persistent Storage...
         Starting Load/Save Random Seed...
[[0;32m  OK  [0m] Mounted FUSE Control File System.
[[0;32m  OK  [0m] Started Apply Kernel Variables.
[[0;32m  OK  [0m] Started Load/Save Random Seed.
[[0;32m  OK  [0m] Started Flush Journal to Persistent Storage.
[[0;32m  OK  [0m] Started udev Kernel Device Manager.
[[0;32m  OK  [0m] Started udev Coldplug all Devices.
[[0;32m  OK  [0m] Started Dispatch Password Requests to Console Directory Watch.
[[0;32m  OK  [0m] Found device /dev/ttyS0.
[[0;32m  OK  [0m] Listening on Load/Save RF Kill Switch Status /dev/rfkill Watch.
[[0;32m  OK  [0m] Started Monitoring of LVM2 mirrors,...ng dmeventd or progress polling.
[[0;32m  OK  [0m] Reached target Local File Systems (Pre).
[[0;32m  OK  [0m] Reached target Local File Systems.
         Starting Create Volatile Files and Directories...
         Starting Set console font and keymap...
         Starting Commit a transient machine-id on disk...
         Starting Tell Plymouth To Write Out Runtime Data...
         Starting Initial cloud-init job (pre-networking)...
         Starting LSB: AppArmor initialization...
[[0;32m  OK  [0m] Started Create Volatile Files and Directories.
[[0;32m  OK  [0m] Started Commit a transient machine-id on disk.
[[0;32m  OK  [0m] Started Tell Plymouth To Write Out Runtime Data.
         Starting Update UTMP about System Boot/Shutdown...
[[0;32m  OK  [0m] Started Update UTMP about System Boot/Shutdown.
[[0;32m  OK  [0m] Started Set console font and keymap.
[[0;32m  OK  [0m] Created slice system-getty.slice.
[    9.401465] cloud-init[648]: Cloud-init v. 21.1-19-gbad84ad4-0ubuntu1~16.04.2 running 'init-local' at Wed, 22 Jun 2022 20:52:59 +0000. Up 9.07 seconds.
[[0;32m  OK  [0m] Started Initial cloud-init job (pre-networking).
[[0;32m  OK  [0m] Reached target Network (Pre).
[[0;32m  OK  [0m] Started LSB: AppArmor initialization.
         Starting Load AppArmor profiles managed internally by snapd...
         Starting Raise network interfaces...
[[0;32m  OK  [0m] Started Load AppArmor profiles managed internally by snapd.
[[0;32m  OK  [0m] Started Raise network interfaces.
[[0;32m  OK  [0m] Reached target Network.
         Starting Initial cloud-init job (metadata service crawler)...
[   10.599109] cloud-init[960]: Cloud-init v. 21.1-19-gbad84ad4-0ubuntu1~16.04.2 running 'init' at Wed, 22 Jun 2022 20:53:00 +0000. Up 9.98 seconds.
[   10.601285] cloud-init[960]: ci-info: ++++++++++++++++++++++++++++++++++++++Net device info+++++++++++++++++++++++++++++++++++++++
[   10.602891] cloud-init[960]: ci-info: +--------+-------+----------------------------+---------------+--------+-------------------+
[   10.605217] cloud-init[960]: ci-info: | Device |   Up  |          Address           |      Mask     | Scope  |     Hw-Address    |
[   10.612456] cloud-init[960]: ci-info: +--------+-------+----------------------------+---------------+--------+-------------------+
[   10.614483] cloud-init[960]: ci-info: | enp0s3 |  True |         10.0.2.15          | 255.255.255.0 | global | 02:be:82:6b:cc:1d |
[   10.616517] cloud-init[960]: ci-info: | enp0s3 |  True | fe80::be:82ff:fe6b:cc1d/64 |       .       |  link  | 02:be:82:6b:cc:1d |
[   10.624438] cloud-init[960]: ci-info: | enp0s8 | False |             .              |       .       |   .    | 08:00:27:8f:fb:53 |
[   10.626306] cloud-init[960]: ci-info: |   lo   |  True |         127.0.0.1          |   255.0.0.0   |  host  |         .         |
[   10.632511] cloud-init[960]: ci-info: |   lo   |  True |          ::1/128           |       .       |  host  |         .         |
[   10.634083] cloud-init[960]: ci-info: +--------+-------+----------------------------+---------------+--------+-------------------+
[   10.636244] cloud-init[960]: ci-info: +++++++++++++++++++++++++++Route IPv4 info++++++++++++++++++++++++++++
[   10.638167] cloud-init[960]: ci-info: +-------+-------------+----------+---------------+-----------+-------+
[   10.640250] cloud-init[960]: ci-info: | Route | Destination | Gateway  |    Genmask    | Interface | Flags |
[   10.641951] cloud-init[960]: ci-info: +-------+-------------+----------+---------------+-----------+-------+
[   10.644020] cloud-init[960]: ci-info: |   0   |   0.0.0.0   | 10.0.2.2 |    0.0.0.0    |   enp0s3  |   UG  |
[   10.652501] cloud-init[960]: ci-info: |   1   |   10.0.2.0  | 0.0.0.0  | 255.255.255.0 |   enp0s3  |   U   |
[   10.654614] cloud-init[960]: ci-info: +-------+-------------+----------+---------------+-----------+-------+
[   10.660436] cloud-init[960]: ci-info: +++++++++++++++++++Route IPv6 info+++++++++++++++++++
[[0;32m  OK  [0m] Started Initial cloud-init job (metadata service crawler).
[[   10.660687] [0;32m  OK  [0mcloud-init] [960]: Reached target Cloud-config availability.ci-info: +-------+-------------+---------+-----------+-------+

[   10.664328] cloud-init[960]: ci-info: | Route | Destination | Gateway | Interface | Flags |
[   10.664556] cloud-init[960]: ci-info: +-------+-------------+---------+-----------+-------+
[   10.664822] cloud-init[960]: ci-info: |   0   |  fe80::/64  |    ::   |   enp0s3  |   U   |
[   10.665136] cloud-init[960]: ci-info: |   3   |   ff00::/8  |    ::   |   enp0s3  |   U   |
[[0;32m  OK  [0m] Reached target System Initialization.
[[   10.665389] cloud-init[960]: ci-info: +-------+-------------+---------+-----------+-------+
[   10.668936] cloud-init[960]: Generating public/private rsa key pair.
[0;32m  OK  [0m] Started Ubuntu Advantage update messaging.
[[   10.669526] [0;32m  OK  [0mcloud-init] [960]: Started Daily apt download activities.Your identification has been saved in /etc/ssh/ssh_host_rsa_key.

[   10.674335] cloud-init[960]: Your public key has been saved in /etc/ssh/ssh_host_rsa_key.pub.
[   10.674540] cloud-init[960]: The key fingerprint is:
[   10.675262] cloud-init[960]: SHA256:NvJmCKzuKlD3ucoS6pJdcmlYAx0qdbLGllzyxV9jCAw root@ubuntu-xenial
         Starting Socket activation for snappy daemon.
[[0;32m  OK  [0m] Started Daily apt upgrade and clean activities.
[[0;32m  OK  [0m] Listening on D-Bus System Message Bus Socket.
[[0;32m  OK  [0m] Listening on ACPID Listen Socket.
[   10.675712] cloud-init[960]: The key's randomart image is:
[   10.694134] cloud-init[960]: +---[RSA 2048]----+
         Starting LXD - unix socket.
[[0;32m  OK  [0m] Listening on UUID daemon activation socket.
[[0;32m  OK  [0m] Started Daily Cleanup of Temporary Directories.
[   10.703804] cloud-init[960]: |  +.E=o. .       |
[   10.708252] cloud-init[960]: | +.X..o . +      |
[   10.716900] cloud-init[960]: |. O..  . o .     |
[   10.724486] cloud-init[960]: | +..+   .        |
[   10.732525] cloud-init[960]: | . +o+..S        |
[   10.740678] cloud-init[960]: |. +.=.o= .       |
[   10.748744] cloud-init[960]: |.+.*  ..+        |
[[   10.752191] cloud-init[960]: |=.o.  .o         |
[   10.752255] cloud-init[960]: |=+o.o.           |
[   10.752419] cloud-init[960]: +----[SHA256]-----+
[   10.753144] cloud-init[960]: Generating public/private dsa key pair.
[   10.753270] cloud-init[960]: Your identification has been saved in /etc/ssh/ssh_host_dsa_key.
[   10.753306] cloud-init[960]: Your public key has been saved in /etc/ssh/ssh_host_dsa_key.pub.
[   10.754112] cloud-init[960]: The key fingerprint is:
[   10.754414] cloud-init[960]: SHA256:NUOKg4tcKOMjF193BoLUI/0Iawu9C4DGmAR6/aoUPLg root@ubuntu-xenial
[   10.754701] cloud-init[960]: The key's randomart image is:
[   10.754991] cloud-init[960]: +---[DSA 1024]----+
[   10.755786] [0;32m  OK  [0m] Started ACPI Events Check.
[[0;32m  OK  [0m] Reached target Paths.
[[0;32m  OK  [0m] Started Message of the Day.
[[0;32m  OK  [0m] Reached target Timers.
[[0;32m  OK  [0m] Reached target Network is Online.
cloud-init[960]: |o  ..+. . .      |
[   10.768936]          Starting iSCSI initiator daemon (iscsid)...
[[0;32m  OK  [0m] Listening on Socket activation for snappy daemon.
cloud-init[960]: |.. o+.+o +       |
[   10.771522] [[0;32m  OK  [0m] Listening on LXD - unix socket.
cloud-init[960]: |O.+.++++o *      |
[   10.772989] [cloud-init[0;32m  OK  [0m[960]: ] |*X.=++.o.+ o     |Reached target Sockets.

[   10.774250] [[0;32m  OK  [0m] Reached target Basic System.
cloud-init[960]: |++Booo. S        |
[   10.776649] cloud-init[960]: |.oooo.           |
[[0;32m  OK  [0m] Started FUSE filesystem for LXC.
[   10.777259] cloud-init[960]: |E ....           |
[   10.779122] [[0;32m  OK  [0m] Started Regular background program processing daemon.
cloud-init         Starting /etc/rc.local Compatibility...
[960]: | . ..            |
[[0;32m  OK  [0m] Started Deferred execution scheduler.
[   10.783207] cloud-init[960]: |  .              |
[   10.787081] cloud-init[960]: [[0;32m  OK  [0m] Started ACPI event daemon.
+----[SHA256]-----+         Starting System Logging Service...
         Starting LSB: MD monitoring daemon...

         Starting Login Service...
[   10.800550] cloud-init         Starting Pollinate to seed the pseudo random number generator...
[[0;32m  OK  [0m] Started D-Bus System Message Bus.
[960]: Generating public/private ecdsa key pair.
[   10.809452] cloud-init[960]: Your identification has been saved in /etc/ssh/ssh_host_ecdsa_key.
[   10.815466] cloud-init[960]: Your public key has been saved in /etc/ssh/ssh_host_ecdsa_key.pub.
[   10.822622] cloud-init[960]: The key fingerprint is:
[   10.828249] cloud-init[960]: SHA256:QM5kfNjaUmyXArGSAUfeF5WnVT60YiwuP/RIvYkorQY root@ubuntu-xenial
[   10.829432] cloud-init[960]: The key's randomart image is:
[   10.831186] cloud-init[960]: +---[ECDSA 256]---+
[   10.832336] cloud-init[960]: |  .o+.**...o .o  |
[   10.833160] cloud-init[960]: |   o Xo.B.+.oo . |
[   10.834244] cloud-init[960]: |    + **.o.++ +  |
         Starting Accounts Service...
[   10.845841]          Starting LXD - container startup/shutdown...
         Starting LSB: Record successful boot for GRUB...
cloud-init         Starting Virtualbox guest utils...
[960]: |     .oo...+ . . |
         Starting Snap Daemon...
[[0;32m  OK  [0m] Started System Logging Service.
[[0;32m  OK  [0m] Started /etc/rc.local Compatibility.
[[0;32m  OK  [0m] Started Login Service.
[[0;32m  OK  [0m] Started Unattended Upgrades Shutdown.
[[0;32m  OK  [0m] Started iSCSI initiator daemon (iscsid).
[   10.875002]          Starting Login to default iSCSI targets...
cloud-init[960]: |       .S + .    |
[[0;32m  OK  [0m] Started LSB: MD monitoring daemon.
[   10.892464] cloud-init[960]: |    E  . * + o   |
[   10.913380] cloud-init[960]: |     .. o = +    |
[   10.917243] cloud-init[960]: |      .o   .     |
[   10.922726] [[0;32m  OK  [0m] Started LSB: Record successful boot for GRUB.
cloud-init[960]: |     ..          |
[   10.930306] cloud-init[960]: +----[SHA256]-----+
[   10.934897] cloud-init[960]: Generating public/private ed25519 key pair.
[[0;32m  OK  [0m] Started Login to default iSCSI targets.
[[0;32m  OK  [0m] Reached target Remote File Systems (Pre).
[[0;32m  OK  [0m] Reached target Remote File Systems.
[   10.945039] cloud-init[960]: Your identification has been saved in /etc/ssh/ssh_host_ed25519_key.
[   10.948299] cloud-init[960]: Your public key has been saved in /etc/ssh/ssh_host_ed25519_key.pub.
[   10.956732] cloud-init[960]: The key fingerprint is:
[   10.964687]          cloud-initStarting Permit User Sessions...[960]: 
SHA256:h8OTab7VwZleM+P0bveCJeKTqmfuN7BK/egvW9JD3VY root@ubuntu-xenial
[   10.968996]          Starting LSB: automatic crash report generation...
         Starting LSB: daemon to balance interrupts for SMP systems...
cloud-init[960]: The key's randomart image is:
         Starting LSB: Set the CPU Frequency Scaling governor to "ondemand"...
[[0;32m  OK  [0m] Started Permit User Sessions.
         Starting Authenticate and Authorize Users to Run Privileged Tasks...
[   10.971986] cloud-init         Starting Terminate Plymouth Boot Screen...
         Starting Hold until boot process finishes up...
[960]: +--[ED25519 256]--+
[   11.000307] [[0;32m  OK  [0m] Started Hold until boot process finishes up.
cloud-init[960]: |                 |
[   11.002896] cloud-init[960]: |                 |
[[0;32m  OK  [0m] Started Terminate Plymouth Boot Screen.
[   11.003622] cloud-init[960]: |                E|
[   11.007390]          cloud-initStarting Set console scheme...[960]: 
|       . + o + . |
[   11.008595] [[0;32m  OK  [0m] Started Serial Getty on ttyS0.
cloud-init[960]: |        S o * O  |
[   11.011095] [cloud-init[0;32m  OK  [0m[960]: ] |       +.*.o.*.= |Started Getty on tty1.

[[0;32m  OK  [0m] Reached target Login Prompts.
[   11.011415] cloud-init[960]: |      . ++=oo+. .|
[   11.020915] [[0;32m  OK  [0m] Started Set console scheme.
[[0;32m  OK  [0m] Started LSB: Set the CPU Frequency Scaling governor to "ondemand".
cloud-init[960]: |     .  =B*.. ..o|
[   11.033065] cloud-init[960]: |      oOO*oo   o=|
[   11.040380] [cloud-init[0;32m  OK  [0m[960]: ] +----[SHA256]-----+Started LXD - container startup/shutdown.

[[0;32m  OK  [0m] Started LSB: daemon to balance interrupts for SMP systems.
[[0;32m  OK  [0m] Started Authenticate and Authorize Users to Run Privileged Tasks.
[[0;32m  OK  [0m] Started LSB: automatic crash report generation.
[[0;32m  OK  [0m] Started Accounts Service.
[[0;32m  OK  [0m] Started Virtualbox guest utils.
[[0;32m  OK  [0m] Started Snap Daemon.
         Starting Wait until snapd is fully seeded...
[[0;32m  OK  [0m] Started Pollinate to seed the pseudo random number generator.
         Starting OpenBSD Secure Shell server...
[[0;32m  OK  [0m] Started OpenBSD Secure Shell server.
[[0;32m  OK  [0m] Created slice User Slice of vagrant.
         Starting User Manager for UID 1000...
[[0;32m  OK  [0m] Started Session 1 of user vagrant.
[[0;32m  OK  [0m] Started User Manager for UID 1000.
[[0;32m  OK  [0m] Started Wait until snapd is fully seeded.
[[0;32m  OK  [0m] Reached target Multi-User System.
[[0;32m  OK  [0m] Reached target Graphical Interface.
         Starting Update UTMP about System Runlevel Changes...
         Starting Apply the settings specified in cloud-config...
[[0;32m  OK  [0m] Started Update UTMP about System Runlevel Changes.
[   13.289125] cloud-init[1407]: Generating locales (this might take a while)...
         Stopping User Manager for UID 1000...
[[0;32m  OK  [0m] Stopped User Manager for UID 1000.
[[0;32m  OK  [0m] Removed slice User Slice of vagrant.
[[0;32m  OK  [0m] Created slice User Slice of vagrant.
         Starting User Manager for UID 1000...
[[0;32m  OK  [0m] Started Session 2 of user vagrant.
[[0;32m  OK  [0m] Started User Manager for UID 1000.
[   14.227481] cloud-init[1407]:   en_US.UTF-8... done
[   14.233000] cloud-init[1407]: Generation complete.
[   14.542903] cloud-init[1407]: Cloud-init v. 21.1-19-gbad84ad4-0ubuntu1~16.04.2 running 'modules:config' at Wed, 22 Jun 2022 20:53:03 +0000. Up 13.11 seconds.
[[0;32m  OK  [0m] Started Apply the settings specified in cloud-config.
         Starting Execute cloud user/final scripts...
ci-info: no authorized SSH keys fingerprints found for user ubuntu.
<14>Jun 22 20:53:05 ec2: 
<14>Jun 22 20:53:05 ec2: #############################################################
<14>Jun 22 20:53:05 ec2: -----BEGIN SSH HOST KEY FINGERPRINTS-----
<14>Jun 22 20:53:05 ec2: 1024 SHA256:NUOKg4tcKOMjF193BoLUI/0Iawu9C4DGmAR6/aoUPLg root@ubuntu-xenial (DSA)
<14>Jun 22 20:53:05 ec2: 256 SHA256:QM5kfNjaUmyXArGSAUfeF5WnVT60YiwuP/RIvYkorQY root@ubuntu-xenial (ECDSA)
<14>Jun 22 20:53:05 ec2: 256 SHA256:h8OTab7VwZleM+P0bveCJeKTqmfuN7BK/egvW9JD3VY root@ubuntu-xenial (ED25519)
<14>Jun 22 20:53:05 ec2: 2048 SHA256:NvJmCKzuKlD3ucoS6pJdcmlYAx0qdbLGllzyxV9jCAw root@ubuntu-xenial (RSA)
<14>Jun 22 20:53:05 ec2: -----END SSH HOST KEY FINGERPRINTS-----
<14>Jun 22 20:53:05 ec2: #############################################################
-----BEGIN SSH HOST KEY KEYS-----
ecdsa-sha2-nistp256 AAAAE2VjZHNhLXNoYTItbmlzdHAyNTYAAAAIbmlzdHAyNTYAAABBBIoxrqhiuToHczu+bOZTaXpPTXq4ffoxvtbb/DQk0JcyyA7hvNtKLeMPUUotbv8QjRyYscBpIPQJHFPYv9b5eSY= root@ubuntu-xenial
ssh-ed25519 AAAAC3NzaC1lZDI1NTE5AAAAIL3S3DOk/ObEYaA7D84/KtUp8sWEsONYPICpoNUXOK8l root@ubuntu-xenial
ssh-rsa AAAAB3NzaC1yc2EAAAADAQABAAABAQCv7A8T5XlWsfbUWxQ4KHf4yhzZDtf9ModM6mF97H0RWpAwlvySCJp6kUr34K/jcd5eDOF51EhPAOdQ+wNx2t6OhLDMM4rHN6dmQ+6fM0IW1H+jcuEQ/yewiDLJ/iDs3USGVXVilfW1EgBEQaBVPDiINUXYBJZ7LENWYfAkzJDoDRaiEg5axe2GjMc5dfdCxv2xokIt9tSOHynjEozdpL/iMWVdqUMAADrdoNs4rO2maahn8A+J9sUyBcckbNQABV5z15NFDfk1VKMo+EOZesY9QOhcdQJyVhGCaINrmXNUea11ZzV1xnKhAabHmXJSa0nwPk1SqtR1wm0R8c62J9kH root@ubuntu-xenial
-----END SSH HOST KEY KEYS-----
[   15.143619] cloud-init[1632]: Cloud-init v. 21.1-19-gbad84ad4-0ubuntu1~16.04.2 running 'modules:final' at Wed, 22 Jun 2022 20:53:05 +0000. Up 14.91 seconds.
[   15.152525] cloud-init[1632]: ci-info: no authorized SSH keys fingerprints found for user ubuntu.
[   15.160507] cloud-init[1632]: Cloud-init v. 21.1-19-gbad84ad4-0ubuntu1~16.04.2 finished at Wed, 22 Jun 2022 20:53:05 +0000. Datasource DataSourceNoCloud [seed=/dev/sdb][dsmode=net].  Up 15.13 seconds
[[0;32m  OK  [0m] Started Execute cloud user/final scripts.
[[0;32m  OK  [0m] Reached target Cloud-init target.

Ubuntu 16.04.7 LTS web01 ttyS0

web01 login: 